{
  "stats": {
    "suites": 3,
    "tests": 4,
    "passes": 4,
    "pending": 0,
    "failures": 0,
    "start": "2022-10-08T10:35:35.539Z",
    "end": "2022-10-08T10:49:16.558Z",
    "duration": 821019,
    "testsRegistered": 4,
    "passPercent": 100,
    "pendingPercent": 0,
    "other": 0,
    "hasOther": false,
    "skipped": 0,
    "hasSkipped": false
  },
  "results": [
    {
      "uuid": "12a0921c-4c3b-4f6b-ad51-6e4dba43c388",
      "title": "",
      "fullFile": "cypress\\e2e\\RegressionTest.js",
      "file": "cypress\\e2e\\RegressionTest.js",
      "beforeHooks": [],
      "afterHooks": [],
      "tests": [],
      "suites": [
        {
          "uuid": "ce6dbd5b-b849-4a23-97a3-083bd11a5480",
          "title": "Quales Course Management Regression Test suite",
          "fullFile": "",
          "file": "",
          "beforeHooks": [],
          "afterHooks": [],
          "tests": [],
          "suites": [
            {
              "uuid": "2558f3b6-7c09-4f53-b2d9-ff880fef6d64",
              "title": "In app tests",
              "fullFile": "",
              "file": "",
              "beforeHooks": [],
              "afterHooks": [],
              "tests": [
                {
                  "title": "Validate that users with valid credentials can login to the app successfully",
                  "fullTitle": "Quales Course Management Regression Test suite In app tests Validate that users with valid credentials can login to the app successfully",
                  "timedOut": null,
                  "duration": 7006,
                  "state": "passed",
                  "speed": "medium",
                  "pass": true,
                  "fail": false,
                  "pending": false,
                  "context": null,
                  "code": "//Test successful login\ncy.checkCoursesDisplay({});",
                  "err": {},
                  "uuid": "abcd1426-b696-4aa9-bf86-a6ddb51047ec",
                  "parentUUID": "2558f3b6-7c09-4f53-b2d9-ff880fef6d64",
                  "isHook": false,
                  "skipped": false
                },
                {
                  "title": "Validate that courses can be created successfully",
                  "fullTitle": "Quales Course Management Regression Test suite In app tests Validate that courses can be created successfully",
                  "timedOut": null,
                  "duration": 19685,
                  "state": "passed",
                  "speed": "slow",
                  "pass": true,
                  "fail": false,
                  "pending": false,
                  "context": null,
                  "code": "//Test courses are added successfully.\ncy.addCourses({});",
                  "err": {},
                  "uuid": "9d6197b7-7100-4ead-91e2-649274fb4767",
                  "parentUUID": "2558f3b6-7c09-4f53-b2d9-ff880fef6d64",
                  "isHook": false,
                  "skipped": false
                },
                {
                  "title": "Validate that created course can be modified",
                  "fullTitle": "Quales Course Management Regression Test suite In app tests Validate that created course can be modified",
                  "timedOut": null,
                  "duration": 714865,
                  "state": "passed",
                  "speed": "slow",
                  "pass": true,
                  "fail": false,
                  "pending": false,
                  "context": null,
                  "code": "//Modify courses\ncy.editCourses({});",
                  "err": {},
                  "uuid": "fd2cfd2d-10c2-4b36-a037-9e4cf63036e2",
                  "parentUUID": "2558f3b6-7c09-4f53-b2d9-ff880fef6d64",
                  "isHook": false,
                  "skipped": false
                }
              ],
              "suites": [],
              "passes": [
                "abcd1426-b696-4aa9-bf86-a6ddb51047ec",
                "9d6197b7-7100-4ead-91e2-649274fb4767",
                "fd2cfd2d-10c2-4b36-a037-9e4cf63036e2"
              ],
              "failures": [],
              "pending": [],
              "skipped": [],
              "duration": 741556,
              "root": false,
              "rootEmpty": false,
              "_timeout": 2000
            },
            {
              "uuid": "4b55f54c-0a7c-4d5e-9f48-b2e31b6c2778",
              "title": "Tear Down",
              "fullFile": "",
              "file": "",
              "beforeHooks": [],
              "afterHooks": [],
              "tests": [
                {
                  "title": "Validate that users can logout of the app successfully",
                  "fullTitle": "Quales Course Management Regression Test suite Tear Down Validate that users can logout of the app successfully",
                  "timedOut": null,
                  "duration": 12509,
                  "state": "passed",
                  "speed": "slow",
                  "pass": true,
                  "fail": false,
                  "pending": false,
                  "context": null,
                  "code": "//Test successful logout\ncy.clickLogout({});",
                  "err": {},
                  "uuid": "7b0c4c52-1787-4f29-8ae9-3ac4a7e5f80b",
                  "parentUUID": "4b55f54c-0a7c-4d5e-9f48-b2e31b6c2778",
                  "isHook": false,
                  "skipped": false
                }
              ],
              "suites": [],
              "passes": [
                "7b0c4c52-1787-4f29-8ae9-3ac4a7e5f80b"
              ],
              "failures": [],
              "pending": [],
              "skipped": [],
              "duration": 12509,
              "root": false,
              "rootEmpty": false,
              "_timeout": 2000
            }
          ],
          "passes": [],
          "failures": [],
          "pending": [],
          "skipped": [],
          "duration": 0,
          "root": false,
          "rootEmpty": false,
          "_timeout": 2000
        }
      ],
      "passes": [],
      "failures": [],
      "pending": [],
      "skipped": [],
      "duration": 0,
      "root": true,
      "rootEmpty": true,
      "_timeout": 2000
    }
  ],
  "meta": {
    "mocha": {
      "version": "7.0.1"
    },
    "mochawesome": {
      "options": {
        "quiet": false,
        "reportFilename": "mochawesome",
        "saveHtml": true,
        "saveJson": true,
        "consoleReporter": "spec",
        "useInlineDiffs": false,
        "code": true
      },
      "version": "7.1.3"
    },
    "marge": {
      "options": null,
      "version": "6.2.0"
    }
  }
}